CRITICAL - 2021-11-25 01:27:29 --> Invalid file: /layout.php
#0 C:\xampp\htdocs\sirsCoba\system\View\View.php(198): CodeIgniter\Exceptions\FrameworkException::forInvalidFile('/layout.php')
#1 C:\xampp\htdocs\sirsCoba\system\Common.php(1097): CodeIgniter\View\View->render('/layout', Array, true)
#2 C:\xampp\htdocs\sirsCoba\app\Controllers\Dokter.php(14): view('/layout', Array)
#3 C:\xampp\htdocs\sirsCoba\system\CodeIgniter.php(824): App\Controllers\Dokter->index()
#4 C:\xampp\htdocs\sirsCoba\system\CodeIgniter.php(410): CodeIgniter\CodeIgniter->runController(Object(App\Controllers\Dokter))
#5 C:\xampp\htdocs\sirsCoba\system\CodeIgniter.php(318): CodeIgniter\CodeIgniter->handleRequest(NULL, Object(Config\Cache), false)
#6 C:\xampp\htdocs\sirsCoba\public\index.php(37): CodeIgniter\CodeIgniter->run()
#7 C:\xampp\htdocs\sirsCoba\system\Commands\Server\rewrite.php(43): require_once('C:\\xampp\\htdocs...')
#8 {main}
CRITICAL - 2021-11-25 01:47:09 --> Undefined variable: data
#0 C:\xampp\htdocs\sirsCoba\app\Controllers\Dashboard.php(9): CodeIgniter\Debug\Exceptions->errorHandler(8, 'Undefined varia...', 'C:\\xampp\\htdocs...', 9, Array)
#1 C:\xampp\htdocs\sirsCoba\system\CodeIgniter.php(824): App\Controllers\Dashboard->index()
#2 C:\xampp\htdocs\sirsCoba\system\CodeIgniter.php(410): CodeIgniter\CodeIgniter->runController(Object(App\Controllers\Dashboard))
#3 C:\xampp\htdocs\sirsCoba\system\CodeIgniter.php(318): CodeIgniter\CodeIgniter->handleRequest(NULL, Object(Config\Cache), false)
#4 C:\xampp\htdocs\sirsCoba\public\index.php(37): CodeIgniter\CodeIgniter->run()
#5 C:\xampp\htdocs\sirsCoba\system\Commands\Server\rewrite.php(43): require_once('C:\\xampp\\htdocs...')
#6 {main}
CRITICAL - 2021-11-25 04:08:44 --> Undefined variable: koneksi
#0 C:\xampp\htdocs\sirsCoba\app\Views\dokter\view_dokter.php(132): CodeIgniter\Debug\Exceptions->errorHandler(8, 'Undefined varia...', 'C:\\xampp\\htdocs...', 132, Array)
#1 C:\xampp\htdocs\sirsCoba\system\View\View.php(214): include('C:\\xampp\\htdocs...')
#2 C:\xampp\htdocs\sirsCoba\system\View\View.php(217): CodeIgniter\View\View->CodeIgniter\View\{closure}()
#3 C:\xampp\htdocs\sirsCoba\system\Common.php(1097): CodeIgniter\View\View->render('dokter/view_dok...', Array, true)
#4 C:\xampp\htdocs\sirsCoba\app\Controllers\Dokter.php(14): view('dokter/view_dok...', Array)
#5 C:\xampp\htdocs\sirsCoba\system\CodeIgniter.php(824): App\Controllers\Dokter->index()
#6 C:\xampp\htdocs\sirsCoba\system\CodeIgniter.php(410): CodeIgniter\CodeIgniter->runController(Object(App\Controllers\Dokter))
#7 C:\xampp\htdocs\sirsCoba\system\CodeIgniter.php(318): CodeIgniter\CodeIgniter->handleRequest(NULL, Object(Config\Cache), false)
#8 C:\xampp\htdocs\sirsCoba\public\index.php(37): CodeIgniter\CodeIgniter->run()
#9 C:\xampp\htdocs\sirsCoba\system\Commands\Server\rewrite.php(43): require_once('C:\\xampp\\htdocs...')
#10 {main}
CRITICAL - 2021-11-25 04:14:43 --> Undefined variable: koneksi
#0 C:\xampp\htdocs\sirsCoba\app\Views\dokter\view_dokter.php(132): CodeIgniter\Debug\Exceptions->errorHandler(8, 'Undefined varia...', 'C:\\xampp\\htdocs...', 132, Array)
#1 C:\xampp\htdocs\sirsCoba\system\View\View.php(214): include('C:\\xampp\\htdocs...')
#2 C:\xampp\htdocs\sirsCoba\system\View\View.php(217): CodeIgniter\View\View->CodeIgniter\View\{closure}()
#3 C:\xampp\htdocs\sirsCoba\system\Common.php(1097): CodeIgniter\View\View->render('dokter/view_dok...', Array, true)
#4 C:\xampp\htdocs\sirsCoba\app\Controllers\Dokter.php(14): view('dokter/view_dok...', Array)
#5 C:\xampp\htdocs\sirsCoba\system\CodeIgniter.php(824): App\Controllers\Dokter->index()
#6 C:\xampp\htdocs\sirsCoba\system\CodeIgniter.php(410): CodeIgniter\CodeIgniter->runController(Object(App\Controllers\Dokter))
#7 C:\xampp\htdocs\sirsCoba\system\CodeIgniter.php(318): CodeIgniter\CodeIgniter->handleRequest(NULL, Object(Config\Cache), false)
#8 C:\xampp\htdocs\sirsCoba\public\index.php(37): CodeIgniter\CodeIgniter->run()
#9 C:\xampp\htdocs\sirsCoba\system\Commands\Server\rewrite.php(43): require_once('C:\\xampp\\htdocs...')
#10 {main}
CRITICAL - 2021-11-25 04:14:45 --> Undefined variable: koneksi
#0 C:\xampp\htdocs\sirsCoba\app\Views\dokter\view_dokter.php(132): CodeIgniter\Debug\Exceptions->errorHandler(8, 'Undefined varia...', 'C:\\xampp\\htdocs...', 132, Array)
#1 C:\xampp\htdocs\sirsCoba\system\View\View.php(214): include('C:\\xampp\\htdocs...')
#2 C:\xampp\htdocs\sirsCoba\system\View\View.php(217): CodeIgniter\View\View->CodeIgniter\View\{closure}()
#3 C:\xampp\htdocs\sirsCoba\system\Common.php(1097): CodeIgniter\View\View->render('dokter/view_dok...', Array, true)
#4 C:\xampp\htdocs\sirsCoba\app\Controllers\Dokter.php(14): view('dokter/view_dok...', Array)
#5 C:\xampp\htdocs\sirsCoba\system\CodeIgniter.php(824): App\Controllers\Dokter->index()
#6 C:\xampp\htdocs\sirsCoba\system\CodeIgniter.php(410): CodeIgniter\CodeIgniter->runController(Object(App\Controllers\Dokter))
#7 C:\xampp\htdocs\sirsCoba\system\CodeIgniter.php(318): CodeIgniter\CodeIgniter->handleRequest(NULL, Object(Config\Cache), false)
#8 C:\xampp\htdocs\sirsCoba\public\index.php(37): CodeIgniter\CodeIgniter->run()
#9 C:\xampp\htdocs\sirsCoba\system\Commands\Server\rewrite.php(43): require_once('C:\\xampp\\htdocs...')
#10 {main}
CRITICAL - 2021-11-25 04:14:46 --> Undefined variable: koneksi
#0 C:\xampp\htdocs\sirsCoba\app\Views\dokter\view_dokter.php(132): CodeIgniter\Debug\Exceptions->errorHandler(8, 'Undefined varia...', 'C:\\xampp\\htdocs...', 132, Array)
#1 C:\xampp\htdocs\sirsCoba\system\View\View.php(214): include('C:\\xampp\\htdocs...')
#2 C:\xampp\htdocs\sirsCoba\system\View\View.php(217): CodeIgniter\View\View->CodeIgniter\View\{closure}()
#3 C:\xampp\htdocs\sirsCoba\system\Common.php(1097): CodeIgniter\View\View->render('dokter/view_dok...', Array, true)
#4 C:\xampp\htdocs\sirsCoba\app\Controllers\Dokter.php(14): view('dokter/view_dok...', Array)
#5 C:\xampp\htdocs\sirsCoba\system\CodeIgniter.php(824): App\Controllers\Dokter->index()
#6 C:\xampp\htdocs\sirsCoba\system\CodeIgniter.php(410): CodeIgniter\CodeIgniter->runController(Object(App\Controllers\Dokter))
#7 C:\xampp\htdocs\sirsCoba\system\CodeIgniter.php(318): CodeIgniter\CodeIgniter->handleRequest(NULL, Object(Config\Cache), false)
#8 C:\xampp\htdocs\sirsCoba\public\index.php(37): CodeIgniter\CodeIgniter->run()
#9 C:\xampp\htdocs\sirsCoba\system\Commands\Server\rewrite.php(43): require_once('C:\\xampp\\htdocs...')
#10 {main}
CRITICAL - 2021-11-25 04:14:56 --> Undefined variable: koneksi
#0 C:\xampp\htdocs\sirsCoba\app\Views\dokter\view_dokter.php(132): CodeIgniter\Debug\Exceptions->errorHandler(8, 'Undefined varia...', 'C:\\xampp\\htdocs...', 132, Array)
#1 C:\xampp\htdocs\sirsCoba\system\View\View.php(214): include('C:\\xampp\\htdocs...')
#2 C:\xampp\htdocs\sirsCoba\system\View\View.php(217): CodeIgniter\View\View->CodeIgniter\View\{closure}()
#3 C:\xampp\htdocs\sirsCoba\system\Common.php(1097): CodeIgniter\View\View->render('dokter/view_dok...', Array, true)
#4 C:\xampp\htdocs\sirsCoba\app\Controllers\Dokter.php(14): view('dokter/view_dok...', Array)
#5 C:\xampp\htdocs\sirsCoba\system\CodeIgniter.php(824): App\Controllers\Dokter->index()
#6 C:\xampp\htdocs\sirsCoba\system\CodeIgniter.php(410): CodeIgniter\CodeIgniter->runController(Object(App\Controllers\Dokter))
#7 C:\xampp\htdocs\sirsCoba\system\CodeIgniter.php(318): CodeIgniter\CodeIgniter->handleRequest(NULL, Object(Config\Cache), false)
#8 C:\xampp\htdocs\sirsCoba\public\index.php(37): CodeIgniter\CodeIgniter->run()
#9 C:\xampp\htdocs\sirsCoba\system\Commands\Server\rewrite.php(43): require_once('C:\\xampp\\htdocs...')
#10 {main}
CRITICAL - 2021-11-25 04:16:11 --> Undefined variable: koneksi
#0 C:\xampp\htdocs\sirsCoba\app\Views\dokter\view_dokter.php(132): CodeIgniter\Debug\Exceptions->errorHandler(8, 'Undefined varia...', 'C:\\xampp\\htdocs...', 132, Array)
#1 C:\xampp\htdocs\sirsCoba\system\View\View.php(214): include('C:\\xampp\\htdocs...')
#2 C:\xampp\htdocs\sirsCoba\system\View\View.php(217): CodeIgniter\View\View->CodeIgniter\View\{closure}()
#3 C:\xampp\htdocs\sirsCoba\system\Common.php(1097): CodeIgniter\View\View->render('dokter/view_dok...', Array, true)
#4 C:\xampp\htdocs\sirsCoba\app\Controllers\Dokter.php(14): view('dokter/view_dok...', Array)
#5 C:\xampp\htdocs\sirsCoba\system\CodeIgniter.php(824): App\Controllers\Dokter->index()
#6 C:\xampp\htdocs\sirsCoba\system\CodeIgniter.php(410): CodeIgniter\CodeIgniter->runController(Object(App\Controllers\Dokter))
#7 C:\xampp\htdocs\sirsCoba\system\CodeIgniter.php(318): CodeIgniter\CodeIgniter->handleRequest(NULL, Object(Config\Cache), false)
#8 C:\xampp\htdocs\sirsCoba\public\index.php(37): CodeIgniter\CodeIgniter->run()
#9 C:\xampp\htdocs\sirsCoba\system\Commands\Server\rewrite.php(43): require_once('C:\\xampp\\htdocs...')
#10 {main}
CRITICAL - 2021-11-25 04:16:13 --> Undefined variable: koneksi
#0 C:\xampp\htdocs\sirsCoba\app\Views\dokter\view_dokter.php(132): CodeIgniter\Debug\Exceptions->errorHandler(8, 'Undefined varia...', 'C:\\xampp\\htdocs...', 132, Array)
#1 C:\xampp\htdocs\sirsCoba\system\View\View.php(214): include('C:\\xampp\\htdocs...')
#2 C:\xampp\htdocs\sirsCoba\system\View\View.php(217): CodeIgniter\View\View->CodeIgniter\View\{closure}()
#3 C:\xampp\htdocs\sirsCoba\system\Common.php(1097): CodeIgniter\View\View->render('dokter/view_dok...', Array, true)
#4 C:\xampp\htdocs\sirsCoba\app\Controllers\Dokter.php(14): view('dokter/view_dok...', Array)
#5 C:\xampp\htdocs\sirsCoba\system\CodeIgniter.php(824): App\Controllers\Dokter->index()
#6 C:\xampp\htdocs\sirsCoba\system\CodeIgniter.php(410): CodeIgniter\CodeIgniter->runController(Object(App\Controllers\Dokter))
#7 C:\xampp\htdocs\sirsCoba\system\CodeIgniter.php(318): CodeIgniter\CodeIgniter->handleRequest(NULL, Object(Config\Cache), false)
#8 C:\xampp\htdocs\sirsCoba\public\index.php(37): CodeIgniter\CodeIgniter->run()
#9 C:\xampp\htdocs\sirsCoba\system\Commands\Server\rewrite.php(43): require_once('C:\\xampp\\htdocs...')
#10 {main}
CRITICAL - 2021-11-25 04:16:21 --> Undefined variable: koneksi
#0 C:\xampp\htdocs\sirsCoba\app\Views\dokter\view_dokter.php(132): CodeIgniter\Debug\Exceptions->errorHandler(8, 'Undefined varia...', 'C:\\xampp\\htdocs...', 132, Array)
#1 C:\xampp\htdocs\sirsCoba\system\View\View.php(214): include('C:\\xampp\\htdocs...')
#2 C:\xampp\htdocs\sirsCoba\system\View\View.php(217): CodeIgniter\View\View->CodeIgniter\View\{closure}()
#3 C:\xampp\htdocs\sirsCoba\system\Common.php(1097): CodeIgniter\View\View->render('dokter/view_dok...', Array, true)
#4 C:\xampp\htdocs\sirsCoba\app\Controllers\Dokter.php(14): view('dokter/view_dok...', Array)
#5 C:\xampp\htdocs\sirsCoba\system\CodeIgniter.php(824): App\Controllers\Dokter->index()
#6 C:\xampp\htdocs\sirsCoba\system\CodeIgniter.php(410): CodeIgniter\CodeIgniter->runController(Object(App\Controllers\Dokter))
#7 C:\xampp\htdocs\sirsCoba\system\CodeIgniter.php(318): CodeIgniter\CodeIgniter->handleRequest(NULL, Object(Config\Cache), false)
#8 C:\xampp\htdocs\sirsCoba\public\index.php(37): CodeIgniter\CodeIgniter->run()
#9 C:\xampp\htdocs\sirsCoba\system\Commands\Server\rewrite.php(43): require_once('C:\\xampp\\htdocs...')
#10 {main}
ERROR - 2021-11-25 04:53:42 --> Error connecting to the database: No connection could be made because the target machine actively refused it
CRITICAL - 2021-11-25 04:53:42 --> Unable to connect to the database.
Main connection [MySQLi]: No connection could be made because the target machine actively refused it
#0 C:\xampp\htdocs\sirsCoba\system\Database\BaseConnection.php(577): CodeIgniter\Database\BaseConnection->initialize()
#1 C:\xampp\htdocs\sirsCoba\system\Database\BaseBuilder.php(1443): CodeIgniter\Database\BaseConnection->query('SELECT *\nFROM `...', Array, false)
#2 C:\xampp\htdocs\sirsCoba\app\Models\Dokter_model.php(12): CodeIgniter\Database\BaseBuilder->get()
#3 C:\xampp\htdocs\sirsCoba\app\Controllers\Dokter.php(12): App\Models\Dokter_model->getDokter()
#4 C:\xampp\htdocs\sirsCoba\system\CodeIgniter.php(824): App\Controllers\Dokter->index()
#5 C:\xampp\htdocs\sirsCoba\system\CodeIgniter.php(410): CodeIgniter\CodeIgniter->runController(Object(App\Controllers\Dokter))
#6 C:\xampp\htdocs\sirsCoba\system\CodeIgniter.php(318): CodeIgniter\CodeIgniter->handleRequest(NULL, Object(Config\Cache), false)
#7 C:\xampp\htdocs\sirsCoba\public\index.php(37): CodeIgniter\CodeIgniter->run()
#8 C:\xampp\htdocs\sirsCoba\system\Commands\Server\rewrite.php(43): require_once('C:\\xampp\\htdocs...')
#9 {main}
ERROR - 2021-11-25 04:53:52 --> Error connecting to the database: No connection could be made because the target machine actively refused it
CRITICAL - 2021-11-25 04:53:52 --> Unable to connect to the database.
Main connection [MySQLi]: No connection could be made because the target machine actively refused it
#0 C:\xampp\htdocs\sirsCoba\system\Database\BaseConnection.php(577): CodeIgniter\Database\BaseConnection->initialize()
#1 C:\xampp\htdocs\sirsCoba\system\Database\BaseBuilder.php(1443): CodeIgniter\Database\BaseConnection->query('SELECT *\nFROM `...', Array, false)
#2 C:\xampp\htdocs\sirsCoba\app\Models\Dokter_model.php(12): CodeIgniter\Database\BaseBuilder->get()
#3 C:\xampp\htdocs\sirsCoba\app\Controllers\Dokter.php(12): App\Models\Dokter_model->getDokter()
#4 C:\xampp\htdocs\sirsCoba\system\CodeIgniter.php(824): App\Controllers\Dokter->index()
#5 C:\xampp\htdocs\sirsCoba\system\CodeIgniter.php(410): CodeIgniter\CodeIgniter->runController(Object(App\Controllers\Dokter))
#6 C:\xampp\htdocs\sirsCoba\system\CodeIgniter.php(318): CodeIgniter\CodeIgniter->handleRequest(NULL, Object(Config\Cache), false)
#7 C:\xampp\htdocs\sirsCoba\public\index.php(37): CodeIgniter\CodeIgniter->run()
#8 C:\xampp\htdocs\sirsCoba\system\Commands\Server\rewrite.php(43): require_once('C:\\xampp\\htdocs...')
#9 {main}
ERROR - 2021-11-25 04:53:56 --> Error connecting to the database: No connection could be made because the target machine actively refused it
CRITICAL - 2021-11-25 04:53:56 --> Unable to connect to the database.
Main connection [MySQLi]: No connection could be made because the target machine actively refused it
#0 C:\xampp\htdocs\sirsCoba\system\Database\BaseConnection.php(577): CodeIgniter\Database\BaseConnection->initialize()
#1 C:\xampp\htdocs\sirsCoba\system\Database\BaseBuilder.php(1443): CodeIgniter\Database\BaseConnection->query('SELECT *\nFROM `...', Array, false)
#2 C:\xampp\htdocs\sirsCoba\app\Models\Dokter_model.php(12): CodeIgniter\Database\BaseBuilder->get()
#3 C:\xampp\htdocs\sirsCoba\app\Controllers\Dokter.php(12): App\Models\Dokter_model->getDokter()
#4 C:\xampp\htdocs\sirsCoba\system\CodeIgniter.php(824): App\Controllers\Dokter->index()
#5 C:\xampp\htdocs\sirsCoba\system\CodeIgniter.php(410): CodeIgniter\CodeIgniter->runController(Object(App\Controllers\Dokter))
#6 C:\xampp\htdocs\sirsCoba\system\CodeIgniter.php(318): CodeIgniter\CodeIgniter->handleRequest(NULL, Object(Config\Cache), false)
#7 C:\xampp\htdocs\sirsCoba\public\index.php(37): CodeIgniter\CodeIgniter->run()
#8 C:\xampp\htdocs\sirsCoba\system\Commands\Server\rewrite.php(43): require_once('C:\\xampp\\htdocs...')
#9 {main}
CRITICAL - 2021-11-25 04:58:05 --> Undefined array key "id_pasien"
#0 C:\xampp\htdocs\sirsCoba\app\Views\pasien\view_pasien.php(123): CodeIgniter\Debug\Exceptions->errorHandler(2, 'Undefined array...', 'C:\\xampp\\htdocs...', 123)
#1 C:\xampp\htdocs\sirsCoba\system\View\View.php(214): include('C:\\xampp\\htdocs...')
#2 C:\xampp\htdocs\sirsCoba\system\View\View.php(217): CodeIgniter\View\View->CodeIgniter\View\{closure}()
#3 C:\xampp\htdocs\sirsCoba\system\Common.php(1097): CodeIgniter\View\View->render('pasien/view_pas...', Array, true)
#4 C:\xampp\htdocs\sirsCoba\app\Controllers\Pasien.php(14): view('pasien/view_pas...', Array)
#5 C:\xampp\htdocs\sirsCoba\system\CodeIgniter.php(824): App\Controllers\Pasien->index()
#6 C:\xampp\htdocs\sirsCoba\system\CodeIgniter.php(410): CodeIgniter\CodeIgniter->runController(Object(App\Controllers\Pasien))
#7 C:\xampp\htdocs\sirsCoba\system\CodeIgniter.php(318): CodeIgniter\CodeIgniter->handleRequest(NULL, Object(Config\Cache), false)
#8 C:\xampp\htdocs\sirsCoba\public\index.php(37): CodeIgniter\CodeIgniter->run()
#9 C:\xampp\htdocs\sirsCoba\system\Commands\Server\rewrite.php(43): require_once('C:\\xampp\\htdocs...')
#10 {main}
CRITICAL - 2021-11-25 04:59:26 --> Undefined array key "id_pasien"
#0 C:\xampp\htdocs\sirsCoba\app\Views\pasien\view_pasien.php(123): CodeIgniter\Debug\Exceptions->errorHandler(2, 'Undefined array...', 'C:\\xampp\\htdocs...', 123)
#1 C:\xampp\htdocs\sirsCoba\system\View\View.php(214): include('C:\\xampp\\htdocs...')
#2 C:\xampp\htdocs\sirsCoba\system\View\View.php(217): CodeIgniter\View\View->CodeIgniter\View\{closure}()
#3 C:\xampp\htdocs\sirsCoba\system\Common.php(1097): CodeIgniter\View\View->render('pasien/view_pas...', Array, true)
#4 C:\xampp\htdocs\sirsCoba\app\Controllers\Pasien.php(14): view('pasien/view_pas...', Array)
#5 C:\xampp\htdocs\sirsCoba\system\CodeIgniter.php(824): App\Controllers\Pasien->index()
#6 C:\xampp\htdocs\sirsCoba\system\CodeIgniter.php(410): CodeIgniter\CodeIgniter->runController(Object(App\Controllers\Pasien))
#7 C:\xampp\htdocs\sirsCoba\system\CodeIgniter.php(318): CodeIgniter\CodeIgniter->handleRequest(NULL, Object(Config\Cache), false)
#8 C:\xampp\htdocs\sirsCoba\public\index.php(37): CodeIgniter\CodeIgniter->run()
#9 C:\xampp\htdocs\sirsCoba\system\Commands\Server\rewrite.php(43): require_once('C:\\xampp\\htdocs...')
#10 {main}
CRITICAL - 2021-11-25 05:02:20 --> Undefined array key "id_pasien"
#0 C:\xampp\htdocs\sirsCoba\app\Views\pasien\view_pasien.php(122): CodeIgniter\Debug\Exceptions->errorHandler(2, 'Undefined array...', 'C:\\xampp\\htdocs...', 122)
#1 C:\xampp\htdocs\sirsCoba\system\View\View.php(214): include('C:\\xampp\\htdocs...')
#2 C:\xampp\htdocs\sirsCoba\system\View\View.php(217): CodeIgniter\View\View->CodeIgniter\View\{closure}()
#3 C:\xampp\htdocs\sirsCoba\system\Common.php(1097): CodeIgniter\View\View->render('pasien/view_pas...', Array, true)
#4 C:\xampp\htdocs\sirsCoba\app\Controllers\Pasien.php(14): view('pasien/view_pas...', Array)
#5 C:\xampp\htdocs\sirsCoba\system\CodeIgniter.php(824): App\Controllers\Pasien->index()
#6 C:\xampp\htdocs\sirsCoba\system\CodeIgniter.php(410): CodeIgniter\CodeIgniter->runController(Object(App\Controllers\Pasien))
#7 C:\xampp\htdocs\sirsCoba\system\CodeIgniter.php(318): CodeIgniter\CodeIgniter->handleRequest(NULL, Object(Config\Cache), false)
#8 C:\xampp\htdocs\sirsCoba\public\index.php(37): CodeIgniter\CodeIgniter->run()
#9 C:\xampp\htdocs\sirsCoba\system\Commands\Server\rewrite.php(43): require_once('C:\\xampp\\htdocs...')
#10 {main}
ERROR - 2021-11-25 05:03:59 --> Table 'pasien' already exists
ERROR - 2021-11-25 05:07:00 --> Table 'ruangan' already exists
ERROR - 2021-11-25 05:07:46 --> Table 'ruangan' already exists
ERROR - 2021-11-25 05:08:02 --> Table 'ruangan' already exists
ERROR - 2021-11-25 05:09:05 --> Table 'ruangan' already exists
CRITICAL - 2021-11-25 05:41:55 --> You must set the database table to be used with your query.
#0 C:\xampp\htdocs\sirsCoba\system\Model.php(545): CodeIgniter\Database\BaseConnection->table(NULL)
#1 C:\xampp\htdocs\sirsCoba\system\Model.php(717): CodeIgniter\Model->builder()
#2 C:\xampp\htdocs\sirsCoba\app\Controllers\Rawatinap.php(15): CodeIgniter\Model->__call('getPoli', Array)
#3 C:\xampp\htdocs\sirsCoba\system\CodeIgniter.php(824): App\Controllers\Rawatinap->index()
#4 C:\xampp\htdocs\sirsCoba\system\CodeIgniter.php(410): CodeIgniter\CodeIgniter->runController(Object(App\Controllers\Rawatinap))
#5 C:\xampp\htdocs\sirsCoba\system\CodeIgniter.php(318): CodeIgniter\CodeIgniter->handleRequest(NULL, Object(Config\Cache), false)
#6 C:\xampp\htdocs\sirsCoba\public\index.php(37): CodeIgniter\CodeIgniter->run()
#7 C:\xampp\htdocs\sirsCoba\system\Commands\Server\rewrite.php(43): require_once('C:\\xampp\\htdocs...')
#8 {main}
CRITICAL - 2021-11-25 06:08:07 --> You must set the database table to be used with your query.
#0 C:\xampp\htdocs\sirsCoba\system\Model.php(545): CodeIgniter\Database\BaseConnection->table(NULL)
#1 C:\xampp\htdocs\sirsCoba\system\Model.php(717): CodeIgniter\Model->builder()
#2 C:\xampp\htdocs\sirsCoba\app\Controllers\Rawatinap.php(15): CodeIgniter\Model->__call('getPoli', Array)
#3 C:\xampp\htdocs\sirsCoba\system\CodeIgniter.php(824): App\Controllers\Rawatinap->index()
#4 C:\xampp\htdocs\sirsCoba\system\CodeIgniter.php(410): CodeIgniter\CodeIgniter->runController(Object(App\Controllers\Rawatinap))
#5 C:\xampp\htdocs\sirsCoba\system\CodeIgniter.php(318): CodeIgniter\CodeIgniter->handleRequest(NULL, Object(Config\Cache), false)
#6 C:\xampp\htdocs\sirsCoba\public\index.php(37): CodeIgniter\CodeIgniter->run()
#7 C:\xampp\htdocs\sirsCoba\system\Commands\Server\rewrite.php(43): require_once('C:\\xampp\\htdocs...')
#8 {main}
CRITICAL - 2021-11-25 06:08:09 --> You must set the database table to be used with your query.
#0 C:\xampp\htdocs\sirsCoba\system\Model.php(545): CodeIgniter\Database\BaseConnection->table(NULL)
#1 C:\xampp\htdocs\sirsCoba\system\Model.php(717): CodeIgniter\Model->builder()
#2 C:\xampp\htdocs\sirsCoba\app\Controllers\Rawatinap.php(15): CodeIgniter\Model->__call('getPoli', Array)
#3 C:\xampp\htdocs\sirsCoba\system\CodeIgniter.php(824): App\Controllers\Rawatinap->index()
#4 C:\xampp\htdocs\sirsCoba\system\CodeIgniter.php(410): CodeIgniter\CodeIgniter->runController(Object(App\Controllers\Rawatinap))
#5 C:\xampp\htdocs\sirsCoba\system\CodeIgniter.php(318): CodeIgniter\CodeIgniter->handleRequest(NULL, Object(Config\Cache), false)
#6 C:\xampp\htdocs\sirsCoba\public\index.php(37): CodeIgniter\CodeIgniter->run()
#7 C:\xampp\htdocs\sirsCoba\system\Commands\Server\rewrite.php(43): require_once('C:\\xampp\\htdocs...')
#8 {main}
CRITICAL - 2021-11-25 06:08:21 --> You must set the database table to be used with your query.
#0 C:\xampp\htdocs\sirsCoba\system\Model.php(545): CodeIgniter\Database\BaseConnection->table(NULL)
#1 C:\xampp\htdocs\sirsCoba\system\Model.php(717): CodeIgniter\Model->builder()
#2 C:\xampp\htdocs\sirsCoba\app\Controllers\Rawatinap.php(15): CodeIgniter\Model->__call('getPoli', Array)
#3 C:\xampp\htdocs\sirsCoba\system\CodeIgniter.php(824): App\Controllers\Rawatinap->index()
#4 C:\xampp\htdocs\sirsCoba\system\CodeIgniter.php(410): CodeIgniter\CodeIgniter->runController(Object(App\Controllers\Rawatinap))
#5 C:\xampp\htdocs\sirsCoba\system\CodeIgniter.php(318): CodeIgniter\CodeIgniter->handleRequest(NULL, Object(Config\Cache), false)
#6 C:\xampp\htdocs\sirsCoba\public\index.php(37): CodeIgniter\CodeIgniter->run()
#7 C:\xampp\htdocs\sirsCoba\system\Commands\Server\rewrite.php(43): require_once('C:\\xampp\\htdocs...')
#8 {main}
CRITICAL - 2021-11-25 06:22:54 --> You must set the database table to be used with your query.
#0 C:\xampp\htdocs\sirsCoba\system\Model.php(545): CodeIgniter\Database\BaseConnection->table(NULL)
#1 C:\xampp\htdocs\sirsCoba\system\Model.php(717): CodeIgniter\Model->builder()
#2 C:\xampp\htdocs\sirsCoba\app\Controllers\Rawatinap.php(15): CodeIgniter\Model->__call('getPoli', Array)
#3 C:\xampp\htdocs\sirsCoba\system\CodeIgniter.php(824): App\Controllers\Rawatinap->index()
#4 C:\xampp\htdocs\sirsCoba\system\CodeIgniter.php(410): CodeIgniter\CodeIgniter->runController(Object(App\Controllers\Rawatinap))
#5 C:\xampp\htdocs\sirsCoba\system\CodeIgniter.php(318): CodeIgniter\CodeIgniter->handleRequest(NULL, Object(Config\Cache), false)
#6 C:\xampp\htdocs\sirsCoba\public\index.php(37): CodeIgniter\CodeIgniter->run()
#7 C:\xampp\htdocs\sirsCoba\system\Commands\Server\rewrite.php(43): require_once('C:\\xampp\\htdocs...')
#8 {main}
CRITICAL - 2021-11-25 06:27:01 --> You must set the database table to be used with your query.
#0 C:\xampp\htdocs\sirsCoba\system\Model.php(545): CodeIgniter\Database\BaseConnection->table(NULL)
#1 C:\xampp\htdocs\sirsCoba\system\Model.php(717): CodeIgniter\Model->builder()
#2 C:\xampp\htdocs\sirsCoba\app\Controllers\Rawatinap.php(15): CodeIgniter\Model->__call('getPoli', Array)
#3 C:\xampp\htdocs\sirsCoba\system\CodeIgniter.php(824): App\Controllers\Rawatinap->index()
#4 C:\xampp\htdocs\sirsCoba\system\CodeIgniter.php(410): CodeIgniter\CodeIgniter->runController(Object(App\Controllers\Rawatinap))
#5 C:\xampp\htdocs\sirsCoba\system\CodeIgniter.php(318): CodeIgniter\CodeIgniter->handleRequest(NULL, Object(Config\Cache), false)
#6 C:\xampp\htdocs\sirsCoba\public\index.php(37): CodeIgniter\CodeIgniter->run()
#7 C:\xampp\htdocs\sirsCoba\system\Commands\Server\rewrite.php(43): require_once('C:\\xampp\\htdocs...')
#8 {main}
CRITICAL - 2021-11-25 06:27:35 --> You must set the database table to be used with your query.
#0 C:\xampp\htdocs\sirsCoba\system\Model.php(545): CodeIgniter\Database\BaseConnection->table(NULL)
#1 C:\xampp\htdocs\sirsCoba\system\Model.php(717): CodeIgniter\Model->builder()
#2 C:\xampp\htdocs\sirsCoba\app\Controllers\Rawatinap.php(15): CodeIgniter\Model->__call('getPoli', Array)
#3 C:\xampp\htdocs\sirsCoba\system\CodeIgniter.php(824): App\Controllers\Rawatinap->index()
#4 C:\xampp\htdocs\sirsCoba\system\CodeIgniter.php(410): CodeIgniter\CodeIgniter->runController(Object(App\Controllers\Rawatinap))
#5 C:\xampp\htdocs\sirsCoba\system\CodeIgniter.php(318): CodeIgniter\CodeIgniter->handleRequest(NULL, Object(Config\Cache), false)
#6 C:\xampp\htdocs\sirsCoba\public\index.php(37): CodeIgniter\CodeIgniter->run()
#7 C:\xampp\htdocs\sirsCoba\system\Commands\Server\rewrite.php(43): require_once('C:\\xampp\\htdocs...')
#8 {main}
CRITICAL - 2021-11-25 06:27:36 --> You must set the database table to be used with your query.
#0 C:\xampp\htdocs\sirsCoba\system\Model.php(545): CodeIgniter\Database\BaseConnection->table(NULL)
#1 C:\xampp\htdocs\sirsCoba\system\Model.php(717): CodeIgniter\Model->builder()
#2 C:\xampp\htdocs\sirsCoba\app\Controllers\Rawatinap.php(15): CodeIgniter\Model->__call('getPoli', Array)
#3 C:\xampp\htdocs\sirsCoba\system\CodeIgniter.php(824): App\Controllers\Rawatinap->index()
#4 C:\xampp\htdocs\sirsCoba\system\CodeIgniter.php(410): CodeIgniter\CodeIgniter->runController(Object(App\Controllers\Rawatinap))
#5 C:\xampp\htdocs\sirsCoba\system\CodeIgniter.php(318): CodeIgniter\CodeIgniter->handleRequest(NULL, Object(Config\Cache), false)
#6 C:\xampp\htdocs\sirsCoba\public\index.php(37): CodeIgniter\CodeIgniter->run()
#7 C:\xampp\htdocs\sirsCoba\system\Commands\Server\rewrite.php(43): require_once('C:\\xampp\\htdocs...')
#8 {main}
ERROR - 2021-11-25 06:34:34 --> Table 'sirs.spesialis' doesn't exist
CRITICAL - 2021-11-25 06:34:34 --> Table 'sirs.spesialis' doesn't exist
#0 C:\xampp\htdocs\sirsCoba\system\Database\MySQLi\Connection.php(292): mysqli->query('SELECT *\nFROM `...', 0)
#1 C:\xampp\htdocs\sirsCoba\system\Database\BaseConnection.php(670): CodeIgniter\Database\MySQLi\Connection->execute('SELECT *\nFROM `...')
#2 C:\xampp\htdocs\sirsCoba\system\Database\BaseConnection.php(598): CodeIgniter\Database\BaseConnection->simpleQuery('SELECT *\nFROM `...')
#3 C:\xampp\htdocs\sirsCoba\system\Database\BaseBuilder.php(1443): CodeIgniter\Database\BaseConnection->query('SELECT *\nFROM `...', Array, false)
#4 C:\xampp\htdocs\sirsCoba\app\Models\Rawatinap_model.php(32): CodeIgniter\Database\BaseBuilder->get()
#5 C:\xampp\htdocs\sirsCoba\app\Controllers\Rawatinap.php(15): App\Models\Rawatinap_model->getSpesialis()
#6 C:\xampp\htdocs\sirsCoba\system\CodeIgniter.php(824): App\Controllers\Rawatinap->index()
#7 C:\xampp\htdocs\sirsCoba\system\CodeIgniter.php(410): CodeIgniter\CodeIgniter->runController(Object(App\Controllers\Rawatinap))
#8 C:\xampp\htdocs\sirsCoba\system\CodeIgniter.php(318): CodeIgniter\CodeIgniter->handleRequest(NULL, Object(Config\Cache), false)
#9 C:\xampp\htdocs\sirsCoba\public\index.php(37): CodeIgniter\CodeIgniter->run()
#10 C:\xampp\htdocs\sirsCoba\system\Commands\Server\rewrite.php(43): require_once('C:\\xampp\\htdocs...')
#11 {main}
CRITICAL - 2021-11-25 06:35:43 --> Undefined variable $spesialis
#0 C:\xampp\htdocs\sirsCoba\app\Views\transaksi\view_rawatinap.php(94): CodeIgniter\Debug\Exceptions->errorHandler(2, 'Undefined varia...', 'C:\\xampp\\htdocs...', 94)
#1 C:\xampp\htdocs\sirsCoba\system\View\View.php(214): include('C:\\xampp\\htdocs...')
#2 C:\xampp\htdocs\sirsCoba\system\View\View.php(217): CodeIgniter\View\View->CodeIgniter\View\{closure}()
#3 C:\xampp\htdocs\sirsCoba\system\Common.php(1097): CodeIgniter\View\View->render('transaksi/view_...', Array, true)
#4 C:\xampp\htdocs\sirsCoba\app\Controllers\Rawatinap.php(16): view('transaksi/view_...', Array)
#5 C:\xampp\htdocs\sirsCoba\system\CodeIgniter.php(824): App\Controllers\Rawatinap->index()
#6 C:\xampp\htdocs\sirsCoba\system\CodeIgniter.php(410): CodeIgniter\CodeIgniter->runController(Object(App\Controllers\Rawatinap))
#7 C:\xampp\htdocs\sirsCoba\system\CodeIgniter.php(318): CodeIgniter\CodeIgniter->handleRequest(NULL, Object(Config\Cache), false)
#8 C:\xampp\htdocs\sirsCoba\public\index.php(37): CodeIgniter\CodeIgniter->run()
#9 C:\xampp\htdocs\sirsCoba\system\Commands\Server\rewrite.php(43): require_once('C:\\xampp\\htdocs...')
#10 {main}
CRITICAL - 2021-11-25 08:57:54 --> Undefined array key "nama_pasien"
#0 C:\xampp\htdocs\sirsCoba\app\Views\transaksi\view_rawatinap.php(227): CodeIgniter\Debug\Exceptions->errorHandler(2, 'Undefined array...', 'C:\\xampp\\htdocs...', 227)
#1 C:\xampp\htdocs\sirsCoba\system\View\View.php(214): include('C:\\xampp\\htdocs...')
#2 C:\xampp\htdocs\sirsCoba\system\View\View.php(217): CodeIgniter\View\View->CodeIgniter\View\{closure}()
#3 C:\xampp\htdocs\sirsCoba\system\Common.php(1097): CodeIgniter\View\View->render('transaksi/view_...', Array, true)
#4 C:\xampp\htdocs\sirsCoba\app\Controllers\Rawatinap.php(16): view('transaksi/view_...', Array)
#5 C:\xampp\htdocs\sirsCoba\system\CodeIgniter.php(824): App\Controllers\Rawatinap->index()
#6 C:\xampp\htdocs\sirsCoba\system\CodeIgniter.php(410): CodeIgniter\CodeIgniter->runController(Object(App\Controllers\Rawatinap))
#7 C:\xampp\htdocs\sirsCoba\system\CodeIgniter.php(318): CodeIgniter\CodeIgniter->handleRequest(NULL, Object(Config\Cache), false)
#8 C:\xampp\htdocs\sirsCoba\public\index.php(37): CodeIgniter\CodeIgniter->run()
#9 C:\xampp\htdocs\sirsCoba\system\Commands\Server\rewrite.php(43): require_once('C:\\xampp\\htdocs...')
#10 {main}
CRITICAL - 2021-11-25 09:43:40 --> Undefined array key "id_ruangan"
#0 C:\xampp\htdocs\sirsCoba\app\Views\ruangan\view_ruangan.php(113): CodeIgniter\Debug\Exceptions->errorHandler(2, 'Undefined array...', 'C:\\xampp\\htdocs...', 113)
#1 C:\xampp\htdocs\sirsCoba\system\View\View.php(214): include('C:\\xampp\\htdocs...')
#2 C:\xampp\htdocs\sirsCoba\system\View\View.php(217): CodeIgniter\View\View->CodeIgniter\View\{closure}()
#3 C:\xampp\htdocs\sirsCoba\system\Common.php(1097): CodeIgniter\View\View->render('ruangan/view_ru...', Array, true)
#4 C:\xampp\htdocs\sirsCoba\app\Controllers\Ruangan.php(14): view('ruangan/view_ru...', Array)
#5 C:\xampp\htdocs\sirsCoba\system\CodeIgniter.php(824): App\Controllers\Ruangan->index()
#6 C:\xampp\htdocs\sirsCoba\system\CodeIgniter.php(410): CodeIgniter\CodeIgniter->runController(Object(App\Controllers\Ruangan))
#7 C:\xampp\htdocs\sirsCoba\system\CodeIgniter.php(318): CodeIgniter\CodeIgniter->handleRequest(NULL, Object(Config\Cache), false)
#8 C:\xampp\htdocs\sirsCoba\public\index.php(37): CodeIgniter\CodeIgniter->run()
#9 C:\xampp\htdocs\sirsCoba\system\Commands\Server\rewrite.php(43): require_once('C:\\xampp\\htdocs...')
#10 {main}
CRITICAL - 2021-11-25 09:57:55 --> Undefined array key "id_ruangan"
#0 C:\xampp\htdocs\sirsCoba\app\Views\ruangan\view_ruangan.php(113): CodeIgniter\Debug\Exceptions->errorHandler(2, 'Undefined array...', 'C:\\xampp\\htdocs...', 113)
#1 C:\xampp\htdocs\sirsCoba\system\View\View.php(214): include('C:\\xampp\\htdocs...')
#2 C:\xampp\htdocs\sirsCoba\system\View\View.php(217): CodeIgniter\View\View->CodeIgniter\View\{closure}()
#3 C:\xampp\htdocs\sirsCoba\system\Common.php(1097): CodeIgniter\View\View->render('ruangan/view_ru...', Array, true)
#4 C:\xampp\htdocs\sirsCoba\app\Controllers\Ruangan.php(14): view('ruangan/view_ru...', Array)
#5 C:\xampp\htdocs\sirsCoba\system\CodeIgniter.php(824): App\Controllers\Ruangan->index()
#6 C:\xampp\htdocs\sirsCoba\system\CodeIgniter.php(410): CodeIgniter\CodeIgniter->runController(Object(App\Controllers\Ruangan))
#7 C:\xampp\htdocs\sirsCoba\system\CodeIgniter.php(318): CodeIgniter\CodeIgniter->handleRequest(NULL, Object(Config\Cache), false)
#8 C:\xampp\htdocs\sirsCoba\public\index.php(37): CodeIgniter\CodeIgniter->run()
#9 C:\xampp\htdocs\sirsCoba\system\Commands\Server\rewrite.php(43): require_once('C:\\xampp\\htdocs...')
#10 {main}
CRITICAL - 2021-11-25 09:57:57 --> Undefined array key "id_ruangan"
#0 C:\xampp\htdocs\sirsCoba\app\Views\ruangan\view_ruangan.php(113): CodeIgniter\Debug\Exceptions->errorHandler(2, 'Undefined array...', 'C:\\xampp\\htdocs...', 113)
#1 C:\xampp\htdocs\sirsCoba\system\View\View.php(214): include('C:\\xampp\\htdocs...')
#2 C:\xampp\htdocs\sirsCoba\system\View\View.php(217): CodeIgniter\View\View->CodeIgniter\View\{closure}()
#3 C:\xampp\htdocs\sirsCoba\system\Common.php(1097): CodeIgniter\View\View->render('ruangan/view_ru...', Array, true)
#4 C:\xampp\htdocs\sirsCoba\app\Controllers\Ruangan.php(14): view('ruangan/view_ru...', Array)
#5 C:\xampp\htdocs\sirsCoba\system\CodeIgniter.php(824): App\Controllers\Ruangan->index()
#6 C:\xampp\htdocs\sirsCoba\system\CodeIgniter.php(410): CodeIgniter\CodeIgniter->runController(Object(App\Controllers\Ruangan))
#7 C:\xampp\htdocs\sirsCoba\system\CodeIgniter.php(318): CodeIgniter\CodeIgniter->handleRequest(NULL, Object(Config\Cache), false)
#8 C:\xampp\htdocs\sirsCoba\public\index.php(37): CodeIgniter\CodeIgniter->run()
#9 C:\xampp\htdocs\sirsCoba\system\Commands\Server\rewrite.php(43): require_once('C:\\xampp\\htdocs...')
#10 {main}
ERROR - 2021-11-25 10:03:14 --> Table 'pasien' already exists
CRITICAL - 2021-11-25 10:06:09 --> Undefined array key "id_ruangan"
#0 C:\xampp\htdocs\sirsCoba\app\Views\ruangan\view_ruangan.php(113): CodeIgniter\Debug\Exceptions->errorHandler(2, 'Undefined array...', 'C:\\xampp\\htdocs...', 113)
#1 C:\xampp\htdocs\sirsCoba\system\View\View.php(214): include('C:\\xampp\\htdocs...')
#2 C:\xampp\htdocs\sirsCoba\system\View\View.php(217): CodeIgniter\View\View->CodeIgniter\View\{closure}()
#3 C:\xampp\htdocs\sirsCoba\system\Common.php(1097): CodeIgniter\View\View->render('ruangan/view_ru...', Array, true)
#4 C:\xampp\htdocs\sirsCoba\app\Controllers\Ruangan.php(14): view('ruangan/view_ru...', Array)
#5 C:\xampp\htdocs\sirsCoba\system\CodeIgniter.php(824): App\Controllers\Ruangan->index()
#6 C:\xampp\htdocs\sirsCoba\system\CodeIgniter.php(410): CodeIgniter\CodeIgniter->runController(Object(App\Controllers\Ruangan))
#7 C:\xampp\htdocs\sirsCoba\system\CodeIgniter.php(318): CodeIgniter\CodeIgniter->handleRequest(NULL, Object(Config\Cache), false)
#8 C:\xampp\htdocs\sirsCoba\public\index.php(37): CodeIgniter\CodeIgniter->run()
#9 C:\xampp\htdocs\sirsCoba\system\Commands\Server\rewrite.php(43): require_once('C:\\xampp\\htdocs...')
#10 {main}
CRITICAL - 2021-11-25 10:06:10 --> Undefined array key "id_ruangan"
#0 C:\xampp\htdocs\sirsCoba\app\Views\ruangan\view_ruangan.php(113): CodeIgniter\Debug\Exceptions->errorHandler(2, 'Undefined array...', 'C:\\xampp\\htdocs...', 113)
#1 C:\xampp\htdocs\sirsCoba\system\View\View.php(214): include('C:\\xampp\\htdocs...')
#2 C:\xampp\htdocs\sirsCoba\system\View\View.php(217): CodeIgniter\View\View->CodeIgniter\View\{closure}()
#3 C:\xampp\htdocs\sirsCoba\system\Common.php(1097): CodeIgniter\View\View->render('ruangan/view_ru...', Array, true)
#4 C:\xampp\htdocs\sirsCoba\app\Controllers\Ruangan.php(14): view('ruangan/view_ru...', Array)
#5 C:\xampp\htdocs\sirsCoba\system\CodeIgniter.php(824): App\Controllers\Ruangan->index()
#6 C:\xampp\htdocs\sirsCoba\system\CodeIgniter.php(410): CodeIgniter\CodeIgniter->runController(Object(App\Controllers\Ruangan))
#7 C:\xampp\htdocs\sirsCoba\system\CodeIgniter.php(318): CodeIgniter\CodeIgniter->handleRequest(NULL, Object(Config\Cache), false)
#8 C:\xampp\htdocs\sirsCoba\public\index.php(37): CodeIgniter\CodeIgniter->run()
#9 C:\xampp\htdocs\sirsCoba\system\Commands\Server\rewrite.php(43): require_once('C:\\xampp\\htdocs...')
#10 {main}
CRITICAL - 2021-11-25 10:06:24 --> Undefined array key "id_ruangan"
#0 C:\xampp\htdocs\sirsCoba\app\Views\ruangan\view_ruangan.php(113): CodeIgniter\Debug\Exceptions->errorHandler(2, 'Undefined array...', 'C:\\xampp\\htdocs...', 113)
#1 C:\xampp\htdocs\sirsCoba\system\View\View.php(214): include('C:\\xampp\\htdocs...')
#2 C:\xampp\htdocs\sirsCoba\system\View\View.php(217): CodeIgniter\View\View->CodeIgniter\View\{closure}()
#3 C:\xampp\htdocs\sirsCoba\system\Common.php(1097): CodeIgniter\View\View->render('ruangan/view_ru...', Array, true)
#4 C:\xampp\htdocs\sirsCoba\app\Controllers\Ruangan.php(14): view('ruangan/view_ru...', Array)
#5 C:\xampp\htdocs\sirsCoba\system\CodeIgniter.php(824): App\Controllers\Ruangan->index()
#6 C:\xampp\htdocs\sirsCoba\system\CodeIgniter.php(410): CodeIgniter\CodeIgniter->runController(Object(App\Controllers\Ruangan))
#7 C:\xampp\htdocs\sirsCoba\system\CodeIgniter.php(318): CodeIgniter\CodeIgniter->handleRequest(NULL, Object(Config\Cache), false)
#8 C:\xampp\htdocs\sirsCoba\public\index.php(37): CodeIgniter\CodeIgniter->run()
#9 C:\xampp\htdocs\sirsCoba\system\Commands\Server\rewrite.php(43): require_once('C:\\xampp\\htdocs...')
#10 {main}
CRITICAL - 2021-11-25 10:07:18 --> Undefined array key "kode_ruangan"
#0 C:\xampp\htdocs\sirsCoba\app\Views\ruangan\view_ruangan.php(115): CodeIgniter\Debug\Exceptions->errorHandler(2, 'Undefined array...', 'C:\\xampp\\htdocs...', 115)
#1 C:\xampp\htdocs\sirsCoba\system\View\View.php(214): include('C:\\xampp\\htdocs...')
#2 C:\xampp\htdocs\sirsCoba\system\View\View.php(217): CodeIgniter\View\View->CodeIgniter\View\{closure}()
#3 C:\xampp\htdocs\sirsCoba\system\Common.php(1097): CodeIgniter\View\View->render('ruangan/view_ru...', Array, true)
#4 C:\xampp\htdocs\sirsCoba\app\Controllers\Ruangan.php(14): view('ruangan/view_ru...', Array)
#5 C:\xampp\htdocs\sirsCoba\system\CodeIgniter.php(824): App\Controllers\Ruangan->index()
#6 C:\xampp\htdocs\sirsCoba\system\CodeIgniter.php(410): CodeIgniter\CodeIgniter->runController(Object(App\Controllers\Ruangan))
#7 C:\xampp\htdocs\sirsCoba\system\CodeIgniter.php(318): CodeIgniter\CodeIgniter->handleRequest(NULL, Object(Config\Cache), false)
#8 C:\xampp\htdocs\sirsCoba\public\index.php(37): CodeIgniter\CodeIgniter->run()
#9 C:\xampp\htdocs\sirsCoba\system\Commands\Server\rewrite.php(43): require_once('C:\\xampp\\htdocs...')
#10 {main}
CRITICAL - 2021-11-25 10:08:41 --> Undefined array key "id_ruangan"
#0 C:\xampp\htdocs\sirsCoba\app\Views\ruangan\view_ruangan.php(113): CodeIgniter\Debug\Exceptions->errorHandler(2, 'Undefined array...', 'C:\\xampp\\htdocs...', 113)
#1 C:\xampp\htdocs\sirsCoba\system\View\View.php(214): include('C:\\xampp\\htdocs...')
#2 C:\xampp\htdocs\sirsCoba\system\View\View.php(217): CodeIgniter\View\View->CodeIgniter\View\{closure}()
#3 C:\xampp\htdocs\sirsCoba\system\Common.php(1097): CodeIgniter\View\View->render('ruangan/view_ru...', Array, true)
#4 C:\xampp\htdocs\sirsCoba\app\Controllers\Ruangan.php(14): view('ruangan/view_ru...', Array)
#5 C:\xampp\htdocs\sirsCoba\system\CodeIgniter.php(824): App\Controllers\Ruangan->index()
#6 C:\xampp\htdocs\sirsCoba\system\CodeIgniter.php(410): CodeIgniter\CodeIgniter->runController(Object(App\Controllers\Ruangan))
#7 C:\xampp\htdocs\sirsCoba\system\CodeIgniter.php(318): CodeIgniter\CodeIgniter->handleRequest(NULL, Object(Config\Cache), false)
#8 C:\xampp\htdocs\sirsCoba\public\index.php(37): CodeIgniter\CodeIgniter->run()
#9 C:\xampp\htdocs\sirsCoba\system\Commands\Server\rewrite.php(43): require_once('C:\\xampp\\htdocs...')
#10 {main}
CRITICAL - 2021-11-25 10:08:45 --> Undefined array key "id_ruangan"
#0 C:\xampp\htdocs\sirsCoba\app\Views\ruangan\view_ruangan.php(113): CodeIgniter\Debug\Exceptions->errorHandler(2, 'Undefined array...', 'C:\\xampp\\htdocs...', 113)
#1 C:\xampp\htdocs\sirsCoba\system\View\View.php(214): include('C:\\xampp\\htdocs...')
#2 C:\xampp\htdocs\sirsCoba\system\View\View.php(217): CodeIgniter\View\View->CodeIgniter\View\{closure}()
#3 C:\xampp\htdocs\sirsCoba\system\Common.php(1097): CodeIgniter\View\View->render('ruangan/view_ru...', Array, true)
#4 C:\xampp\htdocs\sirsCoba\app\Controllers\Ruangan.php(14): view('ruangan/view_ru...', Array)
#5 C:\xampp\htdocs\sirsCoba\system\CodeIgniter.php(824): App\Controllers\Ruangan->index()
#6 C:\xampp\htdocs\sirsCoba\system\CodeIgniter.php(410): CodeIgniter\CodeIgniter->runController(Object(App\Controllers\Ruangan))
#7 C:\xampp\htdocs\sirsCoba\system\CodeIgniter.php(318): CodeIgniter\CodeIgniter->handleRequest(NULL, Object(Config\Cache), false)
#8 C:\xampp\htdocs\sirsCoba\public\index.php(37): CodeIgniter\CodeIgniter->run()
#9 C:\xampp\htdocs\sirsCoba\system\Commands\Server\rewrite.php(43): require_once('C:\\xampp\\htdocs...')
#10 {main}
CRITICAL - 2021-11-25 10:21:22 --> Undefined array key "id_ruangan"
#0 C:\xampp\htdocs\sirsCoba\app\Views\ruangan\view_ruangan.php(113): CodeIgniter\Debug\Exceptions->errorHandler(2, 'Undefined array...', 'C:\\xampp\\htdocs...', 113)
#1 C:\xampp\htdocs\sirsCoba\system\View\View.php(214): include('C:\\xampp\\htdocs...')
#2 C:\xampp\htdocs\sirsCoba\system\View\View.php(217): CodeIgniter\View\View->CodeIgniter\View\{closure}()
#3 C:\xampp\htdocs\sirsCoba\system\Common.php(1097): CodeIgniter\View\View->render('ruangan/view_ru...', Array, true)
#4 C:\xampp\htdocs\sirsCoba\app\Controllers\Ruangan.php(14): view('ruangan/view_ru...', Array)
#5 C:\xampp\htdocs\sirsCoba\system\CodeIgniter.php(824): App\Controllers\Ruangan->index()
#6 C:\xampp\htdocs\sirsCoba\system\CodeIgniter.php(410): CodeIgniter\CodeIgniter->runController(Object(App\Controllers\Ruangan))
#7 C:\xampp\htdocs\sirsCoba\system\CodeIgniter.php(318): CodeIgniter\CodeIgniter->handleRequest(NULL, Object(Config\Cache), false)
#8 C:\xampp\htdocs\sirsCoba\public\index.php(37): CodeIgniter\CodeIgniter->run()
#9 C:\xampp\htdocs\sirsCoba\system\Commands\Server\rewrite.php(43): require_once('C:\\xampp\\htdocs...')
#10 {main}
CRITICAL - 2021-11-25 10:25:04 --> Undefined array key "id_ruangan"
#0 C:\xampp\htdocs\sirsCoba\app\Views\ruangan\view_ruangan.php(113): CodeIgniter\Debug\Exceptions->errorHandler(2, 'Undefined array...', 'C:\\xampp\\htdocs...', 113)
#1 C:\xampp\htdocs\sirsCoba\system\View\View.php(214): include('C:\\xampp\\htdocs...')
#2 C:\xampp\htdocs\sirsCoba\system\View\View.php(217): CodeIgniter\View\View->CodeIgniter\View\{closure}()
#3 C:\xampp\htdocs\sirsCoba\system\Common.php(1097): CodeIgniter\View\View->render('ruangan/view_ru...', Array, true)
#4 C:\xampp\htdocs\sirsCoba\app\Controllers\Ruangan.php(14): view('ruangan/view_ru...', Array)
#5 C:\xampp\htdocs\sirsCoba\system\CodeIgniter.php(824): App\Controllers\Ruangan->index()
#6 C:\xampp\htdocs\sirsCoba\system\CodeIgniter.php(410): CodeIgniter\CodeIgniter->runController(Object(App\Controllers\Ruangan))
#7 C:\xampp\htdocs\sirsCoba\system\CodeIgniter.php(318): CodeIgniter\CodeIgniter->handleRequest(NULL, Object(Config\Cache), false)
#8 C:\xampp\htdocs\sirsCoba\public\index.php(37): CodeIgniter\CodeIgniter->run()
#9 C:\xampp\htdocs\sirsCoba\system\Commands\Server\rewrite.php(43): require_once('C:\\xampp\\htdocs...')
#10 {main}
CRITICAL - 2021-11-25 10:25:24 --> Undefined array key "id_ruangan"
#0 C:\xampp\htdocs\sirsCoba\app\Views\ruangan\view_ruangan.php(113): CodeIgniter\Debug\Exceptions->errorHandler(2, 'Undefined array...', 'C:\\xampp\\htdocs...', 113)
#1 C:\xampp\htdocs\sirsCoba\system\View\View.php(214): include('C:\\xampp\\htdocs...')
#2 C:\xampp\htdocs\sirsCoba\system\View\View.php(217): CodeIgniter\View\View->CodeIgniter\View\{closure}()
#3 C:\xampp\htdocs\sirsCoba\system\Common.php(1097): CodeIgniter\View\View->render('ruangan/view_ru...', Array, true)
#4 C:\xampp\htdocs\sirsCoba\app\Controllers\Ruangan.php(14): view('ruangan/view_ru...', Array)
#5 C:\xampp\htdocs\sirsCoba\system\CodeIgniter.php(824): App\Controllers\Ruangan->index()
#6 C:\xampp\htdocs\sirsCoba\system\CodeIgniter.php(410): CodeIgniter\CodeIgniter->runController(Object(App\Controllers\Ruangan))
#7 C:\xampp\htdocs\sirsCoba\system\CodeIgniter.php(318): CodeIgniter\CodeIgniter->handleRequest(NULL, Object(Config\Cache), false)
#8 C:\xampp\htdocs\sirsCoba\public\index.php(37): CodeIgniter\CodeIgniter->run()
#9 C:\xampp\htdocs\sirsCoba\system\Commands\Server\rewrite.php(43): require_once('C:\\xampp\\htdocs...')
#10 {main}
CRITICAL - 2021-11-25 10:27:14 --> Undefined array key "id_ruangan"
#0 C:\xampp\htdocs\sirsCoba\app\Views\ruangan\view_ruangan.php(113): CodeIgniter\Debug\Exceptions->errorHandler(2, 'Undefined array...', 'C:\\xampp\\htdocs...', 113)
#1 C:\xampp\htdocs\sirsCoba\system\View\View.php(214): include('C:\\xampp\\htdocs...')
#2 C:\xampp\htdocs\sirsCoba\system\View\View.php(217): CodeIgniter\View\View->CodeIgniter\View\{closure}()
#3 C:\xampp\htdocs\sirsCoba\system\Common.php(1097): CodeIgniter\View\View->render('ruangan/view_ru...', Array, true)
#4 C:\xampp\htdocs\sirsCoba\app\Controllers\Ruangan.php(14): view('ruangan/view_ru...', Array)
#5 C:\xampp\htdocs\sirsCoba\system\CodeIgniter.php(824): App\Controllers\Ruangan->index()
#6 C:\xampp\htdocs\sirsCoba\system\CodeIgniter.php(410): CodeIgniter\CodeIgniter->runController(Object(App\Controllers\Ruangan))
#7 C:\xampp\htdocs\sirsCoba\system\CodeIgniter.php(318): CodeIgniter\CodeIgniter->handleRequest(NULL, Object(Config\Cache), false)
#8 C:\xampp\htdocs\sirsCoba\public\index.php(37): CodeIgniter\CodeIgniter->run()
#9 C:\xampp\htdocs\sirsCoba\system\Commands\Server\rewrite.php(43): require_once('C:\\xampp\\htdocs...')
#10 {main}
CRITICAL - 2021-11-25 10:27:23 --> Undefined array key "id_ruangan"
#0 C:\xampp\htdocs\sirsCoba\app\Views\ruangan\view_ruangan.php(113): CodeIgniter\Debug\Exceptions->errorHandler(2, 'Undefined array...', 'C:\\xampp\\htdocs...', 113)
#1 C:\xampp\htdocs\sirsCoba\system\View\View.php(214): include('C:\\xampp\\htdocs...')
#2 C:\xampp\htdocs\sirsCoba\system\View\View.php(217): CodeIgniter\View\View->CodeIgniter\View\{closure}()
#3 C:\xampp\htdocs\sirsCoba\system\Common.php(1097): CodeIgniter\View\View->render('ruangan/view_ru...', Array, true)
#4 C:\xampp\htdocs\sirsCoba\app\Controllers\Ruangan.php(14): view('ruangan/view_ru...', Array)
#5 C:\xampp\htdocs\sirsCoba\system\CodeIgniter.php(824): App\Controllers\Ruangan->index()
#6 C:\xampp\htdocs\sirsCoba\system\CodeIgniter.php(410): CodeIgniter\CodeIgniter->runController(Object(App\Controllers\Ruangan))
#7 C:\xampp\htdocs\sirsCoba\system\CodeIgniter.php(318): CodeIgniter\CodeIgniter->handleRequest(NULL, Object(Config\Cache), false)
#8 C:\xampp\htdocs\sirsCoba\public\index.php(37): CodeIgniter\CodeIgniter->run()
#9 C:\xampp\htdocs\sirsCoba\system\Commands\Server\rewrite.php(43): require_once('C:\\xampp\\htdocs...')
#10 {main}
CRITICAL - 2021-11-25 10:28:47 --> Undefined variable $i
#0 C:\xampp\htdocs\sirsCoba\app\Views\ruangan\view_ruangan.php(35): CodeIgniter\Debug\Exceptions->errorHandler(2, 'Undefined varia...', 'C:\\xampp\\htdocs...', 35)
#1 C:\xampp\htdocs\sirsCoba\system\View\View.php(214): include('C:\\xampp\\htdocs...')
#2 C:\xampp\htdocs\sirsCoba\system\View\View.php(217): CodeIgniter\View\View->CodeIgniter\View\{closure}()
#3 C:\xampp\htdocs\sirsCoba\system\Common.php(1097): CodeIgniter\View\View->render('ruangan/view_ru...', Array, true)
#4 C:\xampp\htdocs\sirsCoba\app\Controllers\Ruangan.php(14): view('ruangan/view_ru...', Array)
#5 C:\xampp\htdocs\sirsCoba\system\CodeIgniter.php(824): App\Controllers\Ruangan->index()
#6 C:\xampp\htdocs\sirsCoba\system\CodeIgniter.php(410): CodeIgniter\CodeIgniter->runController(Object(App\Controllers\Ruangan))
#7 C:\xampp\htdocs\sirsCoba\system\CodeIgniter.php(318): CodeIgniter\CodeIgniter->handleRequest(NULL, Object(Config\Cache), false)
#8 C:\xampp\htdocs\sirsCoba\public\index.php(37): CodeIgniter\CodeIgniter->run()
#9 C:\xampp\htdocs\sirsCoba\system\Commands\Server\rewrite.php(43): require_once('C:\\xampp\\htdocs...')
#10 {main}
CRITICAL - 2021-11-25 10:34:56 --> Undefined variable $model
#0 C:\xampp\htdocs\sirsCoba\app\Controllers\Rawatinap.php(30): CodeIgniter\Debug\Exceptions->errorHandler(2, 'Undefined varia...', 'C:\\xampp\\htdocs...', 30)
#1 C:\xampp\htdocs\sirsCoba\system\CodeIgniter.php(824): App\Controllers\Rawatinap->simpan()
#2 C:\xampp\htdocs\sirsCoba\system\CodeIgniter.php(410): CodeIgniter\CodeIgniter->runController(Object(App\Controllers\Rawatinap))
#3 C:\xampp\htdocs\sirsCoba\system\CodeIgniter.php(318): CodeIgniter\CodeIgniter->handleRequest(NULL, Object(Config\Cache), false)
#4 C:\xampp\htdocs\sirsCoba\public\index.php(37): CodeIgniter\CodeIgniter->run()
#5 C:\xampp\htdocs\sirsCoba\system\Commands\Server\rewrite.php(43): require_once('C:\\xampp\\htdocs...')
#6 {main}
ERROR - 2021-11-25 10:36:14 --> Unknown column 'iddokter' in 'field list'
CRITICAL - 2021-11-25 10:36:14 --> Unknown column 'iddokter' in 'field list'
#0 C:\xampp\htdocs\sirsCoba\system\Database\MySQLi\Connection.php(292): mysqli->query('INSERT INTO `ra...', 0)
#1 C:\xampp\htdocs\sirsCoba\system\Database\BaseConnection.php(670): CodeIgniter\Database\MySQLi\Connection->execute('INSERT INTO `ra...')
#2 C:\xampp\htdocs\sirsCoba\system\Database\BaseConnection.php(598): CodeIgniter\Database\BaseConnection->simpleQuery('INSERT INTO `ra...')
#3 C:\xampp\htdocs\sirsCoba\system\Database\BaseBuilder.php(1759): CodeIgniter\Database\BaseConnection->query('INSERT INTO `ra...', Array, false)
#4 C:\xampp\htdocs\sirsCoba\app\Models\Rawatinap_model.php(32): CodeIgniter\Database\BaseBuilder->insert(Array)
#5 C:\xampp\htdocs\sirsCoba\app\Controllers\Rawatinap.php(30): App\Models\Rawatinap_model->saveRawatinap(Array)
#6 C:\xampp\htdocs\sirsCoba\system\CodeIgniter.php(824): App\Controllers\Rawatinap->simpan()
#7 C:\xampp\htdocs\sirsCoba\system\CodeIgniter.php(410): CodeIgniter\CodeIgniter->runController(Object(App\Controllers\Rawatinap))
#8 C:\xampp\htdocs\sirsCoba\system\CodeIgniter.php(318): CodeIgniter\CodeIgniter->handleRequest(NULL, Object(Config\Cache), false)
#9 C:\xampp\htdocs\sirsCoba\public\index.php(37): CodeIgniter\CodeIgniter->run()
#10 C:\xampp\htdocs\sirsCoba\system\Commands\Server\rewrite.php(43): require_once('C:\\xampp\\htdocs...')
#11 {main}
ERROR - 2021-11-25 21:26:52 --> Unknown column 'iddokter' in 'field list'
CRITICAL - 2021-11-25 21:26:52 --> Unknown column 'iddokter' in 'field list'
#0 C:\xampp\htdocs\sirsCoba\system\Database\MySQLi\Connection.php(292): mysqli->query('INSERT INTO `ra...', 0)
#1 C:\xampp\htdocs\sirsCoba\system\Database\BaseConnection.php(670): CodeIgniter\Database\MySQLi\Connection->execute('INSERT INTO `ra...')
#2 C:\xampp\htdocs\sirsCoba\system\Database\BaseConnection.php(598): CodeIgniter\Database\BaseConnection->simpleQuery('INSERT INTO `ra...')
#3 C:\xampp\htdocs\sirsCoba\system\Database\BaseBuilder.php(1759): CodeIgniter\Database\BaseConnection->query('INSERT INTO `ra...', Array, false)
#4 C:\xampp\htdocs\sirsCoba\app\Models\Rawatinap_model.php(32): CodeIgniter\Database\BaseBuilder->insert(Array)
#5 C:\xampp\htdocs\sirsCoba\app\Controllers\Rawatinap.php(30): App\Models\Rawatinap_model->saveRawatinap(Array)
#6 C:\xampp\htdocs\sirsCoba\system\CodeIgniter.php(824): App\Controllers\Rawatinap->simpan()
#7 C:\xampp\htdocs\sirsCoba\system\CodeIgniter.php(410): CodeIgniter\CodeIgniter->runController(Object(App\Controllers\Rawatinap))
#8 C:\xampp\htdocs\sirsCoba\system\CodeIgniter.php(318): CodeIgniter\CodeIgniter->handleRequest(NULL, Object(Config\Cache), false)
#9 C:\xampp\htdocs\sirsCoba\public\index.php(37): CodeIgniter\CodeIgniter->run()
#10 C:\xampp\htdocs\sirsCoba\system\Commands\Server\rewrite.php(43): require_once('C:\\xampp\\htdocs...')
#11 {main}
ERROR - 2021-11-25 21:32:58 --> Unknown column 'idpasien' in 'field list'
CRITICAL - 2021-11-25 21:32:58 --> Unknown column 'idpasien' in 'field list'
#0 C:\xampp\htdocs\sirsCoba\system\Database\MySQLi\Connection.php(292): mysqli->query('INSERT INTO `ra...', 0)
#1 C:\xampp\htdocs\sirsCoba\system\Database\BaseConnection.php(670): CodeIgniter\Database\MySQLi\Connection->execute('INSERT INTO `ra...')
#2 C:\xampp\htdocs\sirsCoba\system\Database\BaseConnection.php(598): CodeIgniter\Database\BaseConnection->simpleQuery('INSERT INTO `ra...')
#3 C:\xampp\htdocs\sirsCoba\system\Database\BaseBuilder.php(1759): CodeIgniter\Database\BaseConnection->query('INSERT INTO `ra...', Array, false)
#4 C:\xampp\htdocs\sirsCoba\app\Models\Rawatinap_model.php(32): CodeIgniter\Database\BaseBuilder->insert(Array)
#5 C:\xampp\htdocs\sirsCoba\app\Controllers\Rawatinap.php(30): App\Models\Rawatinap_model->saveRawatinap(Array)
#6 C:\xampp\htdocs\sirsCoba\system\CodeIgniter.php(824): App\Controllers\Rawatinap->simpan()
#7 C:\xampp\htdocs\sirsCoba\system\CodeIgniter.php(410): CodeIgniter\CodeIgniter->runController(Object(App\Controllers\Rawatinap))
#8 C:\xampp\htdocs\sirsCoba\system\CodeIgniter.php(318): CodeIgniter\CodeIgniter->handleRequest(NULL, Object(Config\Cache), false)
#9 C:\xampp\htdocs\sirsCoba\public\index.php(37): CodeIgniter\CodeIgniter->run()
#10 C:\xampp\htdocs\sirsCoba\system\Commands\Server\rewrite.php(43): require_once('C:\\xampp\\htdocs...')
#11 {main}
ERROR - 2021-11-25 21:33:15 --> Column 'id_dokter' cannot be null
CRITICAL - 2021-11-25 21:33:15 --> Column 'id_dokter' cannot be null
#0 C:\xampp\htdocs\sirsCoba\system\Database\MySQLi\Connection.php(292): mysqli->query('INSERT INTO `ra...', 0)
#1 C:\xampp\htdocs\sirsCoba\system\Database\BaseConnection.php(670): CodeIgniter\Database\MySQLi\Connection->execute('INSERT INTO `ra...')
#2 C:\xampp\htdocs\sirsCoba\system\Database\BaseConnection.php(598): CodeIgniter\Database\BaseConnection->simpleQuery('INSERT INTO `ra...')
#3 C:\xampp\htdocs\sirsCoba\system\Database\BaseBuilder.php(1759): CodeIgniter\Database\BaseConnection->query('INSERT INTO `ra...', Array, false)
#4 C:\xampp\htdocs\sirsCoba\app\Models\Rawatinap_model.php(32): CodeIgniter\Database\BaseBuilder->insert(Array)
#5 C:\xampp\htdocs\sirsCoba\app\Controllers\Rawatinap.php(30): App\Models\Rawatinap_model->saveRawatinap(Array)
#6 C:\xampp\htdocs\sirsCoba\system\CodeIgniter.php(824): App\Controllers\Rawatinap->simpan()
#7 C:\xampp\htdocs\sirsCoba\system\CodeIgniter.php(410): CodeIgniter\CodeIgniter->runController(Object(App\Controllers\Rawatinap))
#8 C:\xampp\htdocs\sirsCoba\system\CodeIgniter.php(318): CodeIgniter\CodeIgniter->handleRequest(NULL, Object(Config\Cache), false)
#9 C:\xampp\htdocs\sirsCoba\public\index.php(37): CodeIgniter\CodeIgniter->run()
#10 C:\xampp\htdocs\sirsCoba\system\Commands\Server\rewrite.php(43): require_once('C:\\xampp\\htdocs...')
#11 {main}
ERROR - 2021-11-25 21:35:11 --> Column 'id_dokter' cannot be null
CRITICAL - 2021-11-25 21:35:11 --> Column 'id_dokter' cannot be null
#0 C:\xampp\htdocs\sirsCoba\system\Database\MySQLi\Connection.php(292): mysqli->query('INSERT INTO `ra...', 0)
#1 C:\xampp\htdocs\sirsCoba\system\Database\BaseConnection.php(670): CodeIgniter\Database\MySQLi\Connection->execute('INSERT INTO `ra...')
#2 C:\xampp\htdocs\sirsCoba\system\Database\BaseConnection.php(598): CodeIgniter\Database\BaseConnection->simpleQuery('INSERT INTO `ra...')
#3 C:\xampp\htdocs\sirsCoba\system\Database\BaseBuilder.php(1759): CodeIgniter\Database\BaseConnection->query('INSERT INTO `ra...', Array, false)
#4 C:\xampp\htdocs\sirsCoba\app\Models\Rawatinap_model.php(32): CodeIgniter\Database\BaseBuilder->insert(Array)
#5 C:\xampp\htdocs\sirsCoba\app\Controllers\Rawatinap.php(30): App\Models\Rawatinap_model->saveRawatinap(Array)
#6 C:\xampp\htdocs\sirsCoba\system\CodeIgniter.php(824): App\Controllers\Rawatinap->simpan()
#7 C:\xampp\htdocs\sirsCoba\system\CodeIgniter.php(410): CodeIgniter\CodeIgniter->runController(Object(App\Controllers\Rawatinap))
#8 C:\xampp\htdocs\sirsCoba\system\CodeIgniter.php(318): CodeIgniter\CodeIgniter->handleRequest(NULL, Object(Config\Cache), false)
#9 C:\xampp\htdocs\sirsCoba\public\index.php(37): CodeIgniter\CodeIgniter->run()
#10 C:\xampp\htdocs\sirsCoba\system\Commands\Server\rewrite.php(43): require_once('C:\\xampp\\htdocs...')
#11 {main}
ERROR - 2021-11-25 21:36:54 --> Cannot add or update a child row: a foreign key constraint fails (`sirs`.`rawatinap`, CONSTRAINT `rawatinap_ibfk_2` FOREIGN KEY (`id_dokter`) REFERENCES `dokter` (`id_dokter`) ON DELETE CASCADE ON UPDATE CASCADE)
CRITICAL - 2021-11-25 21:36:54 --> Cannot add or update a child row: a foreign key constraint fails (`sirs`.`rawatinap`, CONSTRAINT `rawatinap_ibfk_2` FOREIGN KEY (`id_dokter`) REFERENCES `dokter` (`id_dokter`) ON DELETE CASCADE ON UPDATE CASCADE)
#0 C:\xampp\htdocs\sirsCoba\system\Database\MySQLi\Connection.php(292): mysqli->query('INSERT INTO `ra...', 0)
#1 C:\xampp\htdocs\sirsCoba\system\Database\BaseConnection.php(670): CodeIgniter\Database\MySQLi\Connection->execute('INSERT INTO `ra...')
#2 C:\xampp\htdocs\sirsCoba\system\Database\BaseConnection.php(598): CodeIgniter\Database\BaseConnection->simpleQuery('INSERT INTO `ra...')
#3 C:\xampp\htdocs\sirsCoba\system\Database\BaseBuilder.php(1759): CodeIgniter\Database\BaseConnection->query('INSERT INTO `ra...', Array, false)
#4 C:\xampp\htdocs\sirsCoba\app\Models\Rawatinap_model.php(32): CodeIgniter\Database\BaseBuilder->insert(Array)
#5 C:\xampp\htdocs\sirsCoba\app\Controllers\Rawatinap.php(30): App\Models\Rawatinap_model->saveRawatinap(Array)
#6 C:\xampp\htdocs\sirsCoba\system\CodeIgniter.php(824): App\Controllers\Rawatinap->simpan()
#7 C:\xampp\htdocs\sirsCoba\system\CodeIgniter.php(410): CodeIgniter\CodeIgniter->runController(Object(App\Controllers\Rawatinap))
#8 C:\xampp\htdocs\sirsCoba\system\CodeIgniter.php(318): CodeIgniter\CodeIgniter->handleRequest(NULL, Object(Config\Cache), false)
#9 C:\xampp\htdocs\sirsCoba\public\index.php(37): CodeIgniter\CodeIgniter->run()
#10 C:\xampp\htdocs\sirsCoba\system\Commands\Server\rewrite.php(43): require_once('C:\\xampp\\htdocs...')
#11 {main}
CRITICAL - 2021-11-25 21:43:30 --> Undefined variable $bquery
#0 C:\xampp\htdocs\sirsCoba\app\Models\Rawatinap_model.php(33): CodeIgniter\Debug\Exceptions->errorHandler(2, 'Undefined varia...', 'C:\\xampp\\htdocs...', 33)
#1 C:\xampp\htdocs\sirsCoba\app\Controllers\Rawatinap.php(30): App\Models\Rawatinap_model->saveRawatinap(Array)
#2 C:\xampp\htdocs\sirsCoba\system\CodeIgniter.php(824): App\Controllers\Rawatinap->simpan()
#3 C:\xampp\htdocs\sirsCoba\system\CodeIgniter.php(410): CodeIgniter\CodeIgniter->runController(Object(App\Controllers\Rawatinap))
#4 C:\xampp\htdocs\sirsCoba\system\CodeIgniter.php(318): CodeIgniter\CodeIgniter->handleRequest(NULL, Object(Config\Cache), false)
#5 C:\xampp\htdocs\sirsCoba\public\index.php(37): CodeIgniter\CodeIgniter->run()
#6 C:\xampp\htdocs\sirsCoba\system\Commands\Server\rewrite.php(43): require_once('C:\\xampp\\htdocs...')
#7 {main}
CRITICAL - 2021-11-25 21:44:17 --> Undefined variable $query
#0 C:\xampp\htdocs\sirsCoba\app\Models\Rawatinap_model.php(33): CodeIgniter\Debug\Exceptions->errorHandler(2, 'Undefined varia...', 'C:\\xampp\\htdocs...', 33)
#1 C:\xampp\htdocs\sirsCoba\app\Controllers\Rawatinap.php(30): App\Models\Rawatinap_model->saveRawatinap(Array)
#2 C:\xampp\htdocs\sirsCoba\system\CodeIgniter.php(824): App\Controllers\Rawatinap->simpan()
#3 C:\xampp\htdocs\sirsCoba\system\CodeIgniter.php(410): CodeIgniter\CodeIgniter->runController(Object(App\Controllers\Rawatinap))
#4 C:\xampp\htdocs\sirsCoba\system\CodeIgniter.php(318): CodeIgniter\CodeIgniter->handleRequest(NULL, Object(Config\Cache), false)
#5 C:\xampp\htdocs\sirsCoba\public\index.php(37): CodeIgniter\CodeIgniter->run()
#6 C:\xampp\htdocs\sirsCoba\system\Commands\Server\rewrite.php(43): require_once('C:\\xampp\\htdocs...')
#7 {main}
CRITICAL - 2021-11-25 22:26:02 --> Undefined variable $rawat
#0 C:\xampp\htdocs\sirsCoba\app\Views\transaksi\data_rawatinap.php(31): CodeIgniter\Debug\Exceptions->errorHandler(2, 'Undefined varia...', 'C:\\xampp\\htdocs...', 31)
#1 C:\xampp\htdocs\sirsCoba\system\View\View.php(214): include('C:\\xampp\\htdocs...')
#2 C:\xampp\htdocs\sirsCoba\system\View\View.php(217): CodeIgniter\View\View->CodeIgniter\View\{closure}()
#3 C:\xampp\htdocs\sirsCoba\system\Common.php(1097): CodeIgniter\View\View->render('transaksi/data_...', Array, true)
#4 C:\xampp\htdocs\sirsCoba\app\Controllers\Rawatinap.php(16): view('transaksi/data_...', Array)
#5 C:\xampp\htdocs\sirsCoba\system\CodeIgniter.php(824): App\Controllers\Rawatinap->index()
#6 C:\xampp\htdocs\sirsCoba\system\CodeIgniter.php(410): CodeIgniter\CodeIgniter->runController(Object(App\Controllers\Rawatinap))
#7 C:\xampp\htdocs\sirsCoba\system\CodeIgniter.php(318): CodeIgniter\CodeIgniter->handleRequest(NULL, Object(Config\Cache), false)
#8 C:\xampp\htdocs\sirsCoba\public\index.php(37): CodeIgniter\CodeIgniter->run()
#9 C:\xampp\htdocs\sirsCoba\system\Commands\Server\rewrite.php(43): require_once('C:\\xampp\\htdocs...')
#10 {main}
CRITICAL - 2021-11-25 22:27:09 --> Undefined variable $rawatinap
#0 C:\xampp\htdocs\sirsCoba\app\Views\transaksi\data_rawatinap.php(31): CodeIgniter\Debug\Exceptions->errorHandler(2, 'Undefined varia...', 'C:\\xampp\\htdocs...', 31)
#1 C:\xampp\htdocs\sirsCoba\system\View\View.php(214): include('C:\\xampp\\htdocs...')
#2 C:\xampp\htdocs\sirsCoba\system\View\View.php(217): CodeIgniter\View\View->CodeIgniter\View\{closure}()
#3 C:\xampp\htdocs\sirsCoba\system\Common.php(1097): CodeIgniter\View\View->render('transaksi/data_...', Array, true)
#4 C:\xampp\htdocs\sirsCoba\app\Controllers\Rawatinap.php(16): view('transaksi/data_...', Array)
#5 C:\xampp\htdocs\sirsCoba\system\CodeIgniter.php(824): App\Controllers\Rawatinap->index()
#6 C:\xampp\htdocs\sirsCoba\system\CodeIgniter.php(410): CodeIgniter\CodeIgniter->runController(Object(App\Controllers\Rawatinap))
#7 C:\xampp\htdocs\sirsCoba\system\CodeIgniter.php(318): CodeIgniter\CodeIgniter->handleRequest(NULL, Object(Config\Cache), false)
#8 C:\xampp\htdocs\sirsCoba\public\index.php(37): CodeIgniter\CodeIgniter->run()
#9 C:\xampp\htdocs\sirsCoba\system\Commands\Server\rewrite.php(43): require_once('C:\\xampp\\htdocs...')
#10 {main}
CRITICAL - 2021-11-25 22:30:09 --> Undefined array key "nama_pasien"
#0 C:\xampp\htdocs\sirsCoba\app\Views\transaksi\data_rawatinap.php(34): CodeIgniter\Debug\Exceptions->errorHandler(2, 'Undefined array...', 'C:\\xampp\\htdocs...', 34)
#1 C:\xampp\htdocs\sirsCoba\system\View\View.php(214): include('C:\\xampp\\htdocs...')
#2 C:\xampp\htdocs\sirsCoba\system\View\View.php(217): CodeIgniter\View\View->CodeIgniter\View\{closure}()
#3 C:\xampp\htdocs\sirsCoba\system\Common.php(1097): CodeIgniter\View\View->render('transaksi/data_...', Array, true)
#4 C:\xampp\htdocs\sirsCoba\app\Controllers\Rawatinap.php(17): view('transaksi/data_...', Array)
#5 C:\xampp\htdocs\sirsCoba\system\CodeIgniter.php(824): App\Controllers\Rawatinap->index()
#6 C:\xampp\htdocs\sirsCoba\system\CodeIgniter.php(410): CodeIgniter\CodeIgniter->runController(Object(App\Controllers\Rawatinap))
#7 C:\xampp\htdocs\sirsCoba\system\CodeIgniter.php(318): CodeIgniter\CodeIgniter->handleRequest(NULL, Object(Config\Cache), false)
#8 C:\xampp\htdocs\sirsCoba\public\index.php(37): CodeIgniter\CodeIgniter->run()
#9 C:\xampp\htdocs\sirsCoba\system\Commands\Server\rewrite.php(43): require_once('C:\\xampp\\htdocs...')
#10 {main}
CRITICAL - 2021-11-25 22:32:51 --> Undefined variable $r
#0 C:\xampp\htdocs\sirsCoba\app\Views\transaksi\data_rawatinap.php(33): CodeIgniter\Debug\Exceptions->errorHandler(2, 'Undefined varia...', 'C:\\xampp\\htdocs...', 33)
#1 C:\xampp\htdocs\sirsCoba\system\View\View.php(214): include('C:\\xampp\\htdocs...')
#2 C:\xampp\htdocs\sirsCoba\system\View\View.php(217): CodeIgniter\View\View->CodeIgniter\View\{closure}()
#3 C:\xampp\htdocs\sirsCoba\system\Common.php(1097): CodeIgniter\View\View->render('transaksi/data_...', Array, true)
#4 C:\xampp\htdocs\sirsCoba\app\Controllers\Rawatinap.php(17): view('transaksi/data_...', Array)
#5 C:\xampp\htdocs\sirsCoba\system\CodeIgniter.php(824): App\Controllers\Rawatinap->index()
#6 C:\xampp\htdocs\sirsCoba\system\CodeIgniter.php(410): CodeIgniter\CodeIgniter->runController(Object(App\Controllers\Rawatinap))
#7 C:\xampp\htdocs\sirsCoba\system\CodeIgniter.php(318): CodeIgniter\CodeIgniter->handleRequest(NULL, Object(Config\Cache), false)
#8 C:\xampp\htdocs\sirsCoba\public\index.php(37): CodeIgniter\CodeIgniter->run()
#9 C:\xampp\htdocs\sirsCoba\system\Commands\Server\rewrite.php(43): require_once('C:\\xampp\\htdocs...')
#10 {main}
